08.04.2025 18:04:35
D:\OpenServer\domains\artinweb.cms\AIW_CMS\src\Core\Session.php - 118
Заблоковано за часом звернення до сайту
Імовірно невірний шлях до файлу зображення
Session block_counter + 1
–
08.04.2025 18:08:35
D:\OpenServer\domains\artinweb.cms\AIW_CMS\src\Core\Session.php - 118
Заблоковано за часом звернення до сайту
Імовірно невірний шлях до файлу зображення
Session block_counter + 1
–
09.04.2025 17:24:54
D:\OpenServer\domains\artinweb.cms\AIW_CMS\src\Core\Session.php - 158
The site page view limit is exceeded
Session block_counter + 1
–
09.04.2025 17:25:36
D:\OpenServer\domains\artinweb.cms\AIW_CMS\src\Core\Session.php - 158
The site page view limit is exceeded
Session block_counter + 1
–
